{
  "stats": {
    "suites": 1,
    "tests": 1,
    "passes": 1,
    "pending": 0,
    "failures": 0,
    "start": "2026-06-26T02:25:06.374Z",
    "end": "2026-06-26T02:25:14.150Z",
    "duration": 7776,
    "testsRegistered": 1,
    "passPercent": 100,
    "pendingPercent": 0,
    "other": 0,
    "hasOther": false,
    "skipped": 0,
    "hasSkipped": false
  },
  "results": [
    {
      "uuid": "212622bd-1607-453b-910f-bcfe031d6074",
      "title": "",
      "fullFile": "cypress\\e2e\\e2e-checkout.cy.js",
      "file": "cypress\\e2e\\e2e-checkout.cy.js",
      "beforeHooks": [],
      "afterHooks": [],
      "tests": [],
      "suites": [
        {
          "uuid": "fad50dc9-bb2e-4a13-acc6-f3f919b85154",
          "title": "Fluxo completo SauceDemo E2E",
          "fullFile": "",
          "file": "",
          "beforeHooks": [],
          "afterHooks": [],
          "tests": [
            {
              "title": "deve finalizar compra com sucesso",
              "fullTitle": "Fluxo completo SauceDemo E2E deve finalizar compra com sucesso",
              "timedOut": null,
              "duration": 7492,
              "state": "passed",
              "speed": "medium",
              "pass": true,
              "fail": false,
              "pending": false,
              "context": null,
              "code": "cy.log('Abrir site SauceDemo');\n_LoginPage.default.visit();\ncy.log('Fazer login');\n_LoginPage.default.login('standard_user', 'secret_sauce');\ncy.log('Adicionar produto');\n_InventoryPage.default.addBackpackToCart();\ncy.log('Ir para carrinho');\n_InventoryPage.default.goToCart();\ncy.log('Validar produto no carrinho');\n_CartPage.default.validateProductName('Sauce Labs Backpack');\n_CartPage.default.goToCheckout();\ncy.log('Preencher checkout');\n_CheckoutPage.default.fillCheckoutInfo('Leandro', 'Souza', '12345');\n_CheckoutPage.default.continue();\n_CheckoutPage.default.finish();\ncy.log('Validar sucesso');\n_CheckoutPage.default.validateSuccessMessage();",
              "err": {},
              "uuid": "705dc116-5bcd-4970-9c22-39f0f0d3e2c2",
              "parentUUID": "fad50dc9-bb2e-4a13-acc6-f3f919b85154",
              "isHook": false,
              "skipped": false
            }
          ],
          "suites": [],
          "passes": [
            "705dc116-5bcd-4970-9c22-39f0f0d3e2c2"
          ],
          "failures": [],
          "pending": [],
          "skipped": [],
          "duration": 7492,
          "root": false,
          "rootEmpty": false,
          "_timeout": 2000
        }
      ],
      "passes": [],
      "failures": [],
      "pending": [],
      "skipped": [],
      "duration": 0,
      "root": true,
      "rootEmpty": true,
      "_timeout": 2000
    }
  ],
  "meta": {
    "mocha": {
      "version": "7.2.0"
    },
    "mochawesome": {
      "options": {
        "quiet": false,
        "reportFilename": "mochawesome",
        "saveHtml": false,
        "saveJson": true,
        "consoleReporter": "spec",
        "useInlineDiffs": false,
        "code": true
      },
      "version": "7.1.4"
    },
    "marge": {
      "options": {
        "reportDir": "cypress/reports",
        "overwrite": false,
        "html": false,
        "json": true
      },
      "version": "6.3.2"
    }
  }
}